<?xml version="1.0" encoding="UTF-8"?>
<!-- Generated by org.testng.reporters.JUnitReportReporter -->
<testsuite hostname="LAPTOP-LPNLMA61" failures="0" tests="2" name="qaacademy.Homepage" time="17.352" errors="0" timestamp="2019-09-10T14:51:38 ICT" skipped="0">
  <testcase classname="qaacademy.Homepage" name="basePageNavigation" time="6.224"/>
  <testcase classname="qaacademy.Homepage" name="basePageNavigation" time="11.128"/>
</testsuite> <!-- qaacademy.Homepage -->
