<?xml version="1.0" encoding="UTF-8"?>
<!-- Generated by org.testng.reporters.JUnitReportReporter -->
<testsuite hostname="LAPTOP-LPNLMA61" failures="0" tests="1" name="qaacademy.ValidateNavbar" time="0.093" errors="0" timestamp="2019-09-10T14:51:38 ICT" skipped="0">
  <testcase classname="qaacademy.ValidateNavbar" name="basePageNavigation" time="0.093"/>
</testsuite> <!-- qaacademy.ValidateNavbar -->
