<?xml version="1.0" encoding="UTF-8"?>
<!-- Generated by org.testng.reporters.JUnitReportReporter -->
<testsuite hostname="LAPTOP-LPNLMA61" failures="0" tests="1" name="qaacademy.ValidateText" time="0.059" errors="0" timestamp="2019-09-10T14:51:38 ICT" skipped="0">
  <testcase classname="qaacademy.ValidateText" name="basePageNavigation" time="0.059"/>
</testsuite> <!-- qaacademy.ValidateText -->
