<?xml version="1.0" encoding="UTF-8"?>
<!-- Generated by org.testng.reporters.JUnitReportReporter -->
<testsuite hostname="LAPTOP-LPNLMA61" failures="0" tests="1" name="qaacademy.ValidateNavbar" time="0.112" errors="0" timestamp="13 Sep 2019 08:19:04 GMT">
  <testcase classname="qaacademy.ValidateNavbar" name="ValidateNavigationbar" time="0.112"/>
</testsuite> <!-- qaacademy.ValidateNavbar -->
