<?xml version="1.0" encoding="UTF-8"?>
<!-- Generated by org.testng.reporters.JUnitReportReporter -->
<testsuite hostname="LAPTOP-LPNLMA61" failures="0" tests="2" name="qaacademy.Homepage" time="18.309" errors="0" timestamp="13 Sep 2019 08:19:04 GMT">
  <testcase classname="qaacademy.Homepage" name="Login" time="12.452"/>
  <testcase classname="qaacademy.Homepage" name="Login" time="5.857"/>
</testsuite> <!-- qaacademy.Homepage -->
